<?xml version="1.0" encoding="UTF-8"?>
<!-- Generated by org.testng.reporters.JUnitXMLReporter -->
<testsuite ignored="0" hostname="DESKTOP-5DS53NE" failures="0" tests="4" name="FirefoxTest" time="32.192" errors="0" timestamp="2022-05-29T07:35:18 IST">
  <testcase classname="SauceDemoTestNGAnnotations.BaseTestClass" name="@BeforeClass setBrowser" time="6.46">
    <failure type="java.lang.NullPointerException" message="Cannot invoke &amp;quot;java.util.concurrent.TimeUnit.toMillis(long)&amp;quot; because &amp;quot;sourceUnit&amp;quot; is null">
      <![CDATA[java.lang.NullPointerException: Cannot invoke "java.util.concurrent.TimeUnit.toMillis(long)" because "sourceUnit" is null
at java.base/java.util.concurrent.TimeUnit.convert(TimeUnit.java:189)
at org.openqa.selenium.remote.RemoteWebDriver$RemoteWebDriverOptions$RemoteTimeouts.implicitlyWait(RemoteWebDriver.java:781)
at SauceDemoTestNGAnnotations.BaseTestClass.setBrowser(BaseTestClass.java:63)
at java.base/java.util.concurrent.ThreadPoolExecutor.runWorker(ThreadPoolExecutor.java:1136)
at java.base/java.util.concurrent.ThreadPoolExecutor$Worker.run(ThreadPoolExecutor.java:635)
at java.base/java.lang.Thread.run(Thread.java:833)
... Removed 10 stack frames]]>
    </failure>
  </testcase> <!-- @BeforeClass setBrowser -->
  <testcase classname="SauceDemoTestNGAnnotations.BaseTestClass" name="@BeforeMethod logineMethod" time="-1.653789892462E9">
    <skipped/>
  </testcase> <!-- @BeforeMethod logineMethod -->
  <testcase classname="SauceDemoTestNGAnnotations.BaseTestClass" name="@AfterMethod logout" time="-1.653789892467E9">
    <skipped/>
  </testcase> <!-- @AfterMethod logout -->
  <testcase classname="SauceDemoTestNGAnnotations.BaseTestClass" name="@AfterClass closeBrowser" time="-1.653789892468E9">
    <skipped/>
  </testcase> <!-- @AfterClass closeBrowser -->
  <testcase classname="SauceDemoTestNGAnnotations.BaseTestClass" name="@BeforeClass setBrowser" time="6.719">
    <failure type="java.lang.NullPointerException" message="Cannot invoke &amp;quot;java.util.concurrent.TimeUnit.toMillis(long)&amp;quot; because &amp;quot;sourceUnit&amp;quot; is null">
      <![CDATA[java.lang.NullPointerException: Cannot invoke "java.util.concurrent.TimeUnit.toMillis(long)" because "sourceUnit" is null
at java.base/java.util.concurrent.TimeUnit.convert(TimeUnit.java:189)
at org.openqa.selenium.remote.RemoteWebDriver$RemoteWebDriverOptions$RemoteTimeouts.implicitlyWait(RemoteWebDriver.java:781)
at SauceDemoTestNGAnnotations.BaseTestClass.setBrowser(BaseTestClass.java:63)
at java.base/java.util.concurrent.ThreadPoolExecutor.runWorker(ThreadPoolExecutor.java:1136)
at java.base/java.util.concurrent.ThreadPoolExecutor$Worker.run(ThreadPoolExecutor.java:635)
at java.base/java.lang.Thread.run(Thread.java:833)
... Removed 10 stack frames]]>
    </failure>
  </testcase> <!-- @BeforeClass setBrowser -->
  <testcase classname="SauceDemoTestNGAnnotations.BaseTestClass" name="@BeforeMethod logineMethod" time="-1.653789892724E9">
    <skipped/>
  </testcase> <!-- @BeforeMethod logineMethod -->
  <testcase classname="SauceDemoTestNGAnnotations.BaseTestClass" name="@AfterMethod logout" time="-1.653789892728E9">
    <skipped/>
  </testcase> <!-- @AfterMethod logout -->
  <testcase classname="SauceDemoTestNGAnnotations.BaseTestClass" name="@AfterClass closeBrowser" time="-1.653789892729E9">
    <skipped/>
  </testcase> <!-- @AfterClass closeBrowser -->
  <testcase classname="SauceDemoTestNGAnnotations.BaseTestClass" name="@BeforeClass setBrowser" time="6.932">
    <failure type="java.lang.NullPointerException" message="Cannot invoke &amp;quot;java.util.concurrent.TimeUnit.toMillis(long)&amp;quot; because &amp;quot;sourceUnit&amp;quot; is null">
      <![CDATA[java.lang.NullPointerException: Cannot invoke "java.util.concurrent.TimeUnit.toMillis(long)" because "sourceUnit" is null
at java.base/java.util.concurrent.TimeUnit.convert(TimeUnit.java:189)
at org.openqa.selenium.remote.RemoteWebDriver$RemoteWebDriverOptions$RemoteTimeouts.implicitlyWait(RemoteWebDriver.java:781)
at SauceDemoTestNGAnnotations.BaseTestClass.setBrowser(BaseTestClass.java:63)
at java.base/java.util.concurrent.ThreadPoolExecutor.runWorker(ThreadPoolExecutor.java:1136)
at java.base/java.util.concurrent.ThreadPoolExecutor$Worker.run(ThreadPoolExecutor.java:635)
at java.base/java.lang.Thread.run(Thread.java:833)
... Removed 10 stack frames]]>
    </failure>
  </testcase> <!-- @BeforeClass setBrowser -->
  <testcase classname="SauceDemoTestNGAnnotations.BaseTestClass" name="@BeforeMethod logineMethod" time="-1.653789892936E9">
    <skipped/>
  </testcase> <!-- @BeforeMethod logineMethod -->
  <testcase classname="SauceDemoTestNGAnnotations.BaseTestClass" name="@AfterMethod logout" time="-1.65378989294E9">
    <skipped/>
  </testcase> <!-- @AfterMethod logout -->
  <testcase classname="SauceDemoTestNGAnnotations.BaseTestClass" name="@AfterClass closeBrowser" time="-1.653789892942E9">
    <skipped/>
  </testcase> <!-- @AfterClass closeBrowser -->
  <testcase classname="SauceDemoTestNGAnnotations.BaseTestClass" name="@BeforeClass setBrowser" time="32.175">
    <failure type="org.openqa.selenium.WebDriverException" message="Process unexpectedly closed with status 0
Build info: version: &amp;apos;3.141.59&amp;apos;, revision: &amp;apos;e82be7d358&amp;apos;, time: &amp;apos;2018-11-14T08:17:03&amp;apos;
System info: host: &amp;apos;DESKTOP-5DS53NE&amp;apos;, ip: &amp;apos;192.168.225.191&amp;apos;, os.name: &amp;apos;Windows 11&amp;apos;, os.arch: &amp;apos;amd64&amp;apos;, os.version: &amp;apos;10.0&amp;apos;, java.version: &amp;apos;17.0.2&amp;apos;
Driver info: driver.version: FirefoxDriver
remote stacktrace: ">
      <![CDATA[org.openqa.selenium.WebDriverException: Process unexpectedly closed with status 0
Build info: version: '3.141.59', revision: 'e82be7d358', time: '2018-11-14T08:17:03'
System info: host: 'DESKTOP-5DS53NE', ip: '192.168.225.191', os.name: 'Windows 11', os.arch: 'amd64', os.version: '10.0', java.version: '17.0.2'
Driver info: driver.version: FirefoxDriver
remote stacktrace: 
at org.openqa.selenium.remote.W3CHandshakeResponse.lambda$errorHandler$0(W3CHandshakeResponse.java:62)
at org.openqa.selenium.remote.HandshakeResponse.lambda$getResponseFunction$0(HandshakeResponse.java:30)
at org.openqa.selenium.remote.ProtocolHandshake.lambda$createSession$0(ProtocolHandshake.java:126)
at java.base/java.util.stream.ReferencePipeline$3$1.accept(ReferencePipeline.java:197)
at java.base/java.util.Spliterators$ArraySpliterator.tryAdvance(Spliterators.java:1002)
at java.base/java.util.stream.ReferencePipeline.forEachWithCancel(ReferencePipeline.java:129)
at java.base/java.util.stream.AbstractPipeline.copyIntoWithCancel(AbstractPipeline.java:527)
at java.base/java.util.stream.AbstractPipeline.copyInto(AbstractPipeline.java:513)
at java.base/java.util.stream.AbstractPipeline.wrapAndCopyInto(AbstractPipeline.java:499)
at java.base/java.util.stream.FindOps$FindOp.evaluateSequential(FindOps.java:150)
at java.base/java.util.stream.AbstractPipeline.evaluate(AbstractPipeline.java:234)
at java.base/java.util.stream.ReferencePipeline.findFirst(ReferencePipeline.java:647)
at org.openqa.selenium.remote.ProtocolHandshake.createSession(ProtocolHandshake.java:128)
at org.openqa.selenium.remote.ProtocolHandshake.createSession(ProtocolHandshake.java:74)
at org.openqa.selenium.remote.HttpCommandExecutor.execute(HttpCommandExecutor.java:136)
at org.openqa.selenium.remote.service.DriverCommandExecutor.execute(DriverCommandExecutor.java:83)
at org.openqa.selenium.remote.RemoteWebDriver.execute(RemoteWebDriver.java:552)
at org.openqa.selenium.remote.RemoteWebDriver.startSession(RemoteWebDriver.java:213)
at org.openqa.selenium.remote.RemoteWebDriver.<init>(RemoteWebDriver.java:131)
at org.openqa.selenium.firefox.FirefoxDriver.<init>(FirefoxDriver.java:147)
at org.openqa.selenium.firefox.FirefoxDriver.<init>(FirefoxDriver.java:125)
at SauceDemoTestNGAnnotations.BaseTestClass.setBrowser(BaseTestClass.java:45)
at java.base/java.util.concurrent.ThreadPoolExecutor.runWorker(ThreadPoolExecutor.java:1136)
at java.base/java.util.concurrent.ThreadPoolExecutor$Worker.run(ThreadPoolExecutor.java:635)
at java.base/java.lang.Thread.run(Thread.java:833)
... Removed 15 stack frames]]>
    </failure>
  </testcase> <!-- @BeforeClass setBrowser -->
  <testcase classname="SauceDemoTestNGAnnotations.BaseTestClass" name="@BeforeMethod logineMethod" time="-1.653789918183E9">
    <skipped/>
  </testcase> <!-- @BeforeMethod logineMethod -->
  <testcase classname="SauceDemoTestNGAnnotations.BaseTestClass" name="@AfterMethod logout" time="-1.653789918185E9">
    <skipped/>
  </testcase> <!-- @AfterMethod logout -->
  <testcase classname="SauceDemoTestNGAnnotations.BaseTestClass" name="@AfterClass closeBrowser" time="-1.653789918185E9">
    <skipped/>
  </testcase> <!-- @AfterClass closeBrowser -->
  <testcase classname="SauceDemoTestNGAnnotations.TC1LoginFunctionality" name="loginFunction" time="0.0">
    <skipped/>
  </testcase> <!-- loginFunction -->
  <testcase classname="SauceDemoTestNGAnnotations.TC03FilterValidation" name="filter" time="0.0">
    <skipped/>
  </testcase> <!-- filter -->
  <testcase classname="SauceDemoTestNGAnnotations.TC04SelectProduct" name="selectProduct" time="0.0">
    <skipped/>
  </testcase> <!-- selectProduct -->
  <testcase classname="SauceDemoTestNGAnnotations.TC02AddToCartValidation" name="addToCart" time="0.0">
    <skipped/>
  </testcase> <!-- addToCart -->
</testsuite> <!-- FirefoxTest -->
