<html>
<head>
<title>TestNG:  SanitySuite</title>
<link href="../testng.css" rel="stylesheet" type="text/css" />
<link href="../my-testng.css" rel="stylesheet" type="text/css" />

<style type="text/css">
.log { display: none;} 
.stack-trace { display: none;} 
</style>
<script type="text/javascript">
<!--
function flip(e) {
  current = e.style.display;
  if (current == 'block') {
    e.style.display = 'none';
    return 0;
  }
  else {
    e.style.display = 'block';
    return 1;
  }
}

function toggleBox(szDivId, elem, msg1, msg2)
{
  var res = -1;  if (document.getElementById) {
    res = flip(document.getElementById(szDivId));
  }
  else if (document.all) {
    // this is the way old msie versions work
    res = flip(document.all[szDivId]);
  }
  if(elem) {
    if(res == 0) elem.innerHTML = msg1; else elem.innerHTML = msg2;
  }

}

function toggleAllBoxes() {
  if (document.getElementsByTagName) {
    d = document.getElementsByTagName('div');
    for (i = 0; i < d.length; i++) {
      if (d[i].className == 'log') {
        flip(d[i]);
      }
    }
  }
}

// -->
</script>

</head>
<body>
<h2 align='center'>SanitySuite</h2><table border='1' align="center">
<tr>
<td>Tests passed/Failed/Skipped:</td><td>0/0/4</td>
</tr><tr>
<td>Started on:</td><td>Sun May 29 07:26:39 IST 2022</td>
</tr>
<tr><td>Total time:</td><td>4 seconds (4798 ms)</td>
</tr><tr>
<td>Included groups:</td><td></td>
</tr><tr>
<td>Excluded groups:</td><td></td>
</tr>
</table><p/>
<small><i>(Hover the method name to see the test class name)</i></small><p/>
<table width='100%' border='1' class='invocation-failed'>
<tr><td colspan='4' align='center'><b>FAILED CONFIGURATIONS</b></td></tr>
<tr><td><b>Test method</b></td>
<td width="30%"><b>Exception</b></td>
<td width="10%"><b>Time (seconds)</b></td>
<td><b>Instance</b></td>
</tr>
<tr>
<td title='SauceDemoTestNGAnnotations.TC03FilterValidation.setBrowser()'><b>setBrowser</b><br>Test class: SauceDemoTestNGAnnotations.TC03FilterValidation<br>Parameters: Chrome</td>
<td><div><pre>java.lang.NullPointerException: Cannot invoke &quot;java.util.concurrent.TimeUnit.toMillis(long)&quot; because &quot;sourceUnit&quot; is null
	at java.base/java.util.concurrent.TimeUnit.convert(TimeUnit.java:189)
	at org.openqa.selenium.remote.RemoteWebDriver$RemoteWebDriverOptions$RemoteTimeouts.implicitlyWait(RemoteWebDriver.java:781)
	at SauceDemoTestNGAnnotations.BaseTestClass.setBrowser(BaseTestClass.java:77)
	at java.base/java.util.concurrent.ThreadPoolExecutor.runWorker(ThreadPoolExecutor.java:1136)
	at java.base/java.util.concurrent.ThreadPoolExecutor$Worker.run(ThreadPoolExecutor.java:635)
	at java.base/java.lang.Thread.run(Thread.java:833)
... Removed 10 stack frames</pre></div><a href='#' onClick='toggleBox("stack-trace1154406526", this, "Click to show all stack frames", "Click to hide stack frames")'>Click to show all stack frames</a>
<div class='stack-trace' id='stack-trace1154406526'><pre>java.lang.NullPointerException: Cannot invoke &quot;java.util.concurrent.TimeUnit.toMillis(long)&quot; because &quot;sourceUnit&quot; is null
	at java.base/java.util.concurrent.TimeUnit.convert(TimeUnit.java:189)
	at org.openqa.selenium.remote.RemoteWebDriver$RemoteWebDriverOptions$RemoteTimeouts.implicitlyWait(RemoteWebDriver.java:781)
	at SauceDemoTestNGAnnotations.BaseTestClass.setBrowser(BaseTestClass.java:77)
	at java.base/jdk.internal.reflect.NativeMethodAccessorImpl.invoke0(Native Method)
	at java.base/jdk.internal.reflect.NativeMethodAccessorImpl.invoke(NativeMethodAccessorImpl.java:77)
	at java.base/jdk.internal.reflect.DelegatingMethodAccessorImpl.invoke(DelegatingMethodAccessorImpl.java:43)
	at java.base/java.lang.reflect.Method.invoke(Method.java:568)
	at org.testng.internal.MethodInvocationHelper.invokeMethod(MethodInvocationHelper.java:133)
	at org.testng.internal.MethodInvocationHelper.invokeMethodConsideringTimeout(MethodInvocationHelper.java:62)
	at org.testng.internal.ConfigInvoker.invokeConfigurationMethod(ConfigInvoker.java:385)
	at org.testng.internal.ConfigInvoker.invokeConfigurations(ConfigInvoker.java:321)
	at org.testng.internal.TestMethodWorker.invokeBeforeClassMethods(TestMethodWorker.java:176)
	at org.testng.internal.TestMethodWorker.run(TestMethodWorker.java:122)
	at java.base/java.util.concurrent.ThreadPoolExecutor.runWorker(ThreadPoolExecutor.java:1136)
	at java.base/java.util.concurrent.ThreadPoolExecutor$Worker.run(ThreadPoolExecutor.java:635)
	at java.base/java.lang.Thread.run(Thread.java:833)
</pre></div></td>
<td>4</td>
<td>SauceDemoTestNGAnnotations.TC03FilterValidation@5c30a9b0</td></tr>
<tr>
<td title='SauceDemoTestNGAnnotations.TC04SelectProduct.setBrowser()'><b>setBrowser</b><br>Test class: SauceDemoTestNGAnnotations.TC04SelectProduct<br>Parameters: Chrome</td>
<td><div><pre>java.lang.NullPointerException: Cannot invoke &quot;java.util.concurrent.TimeUnit.toMillis(long)&quot; because &quot;sourceUnit&quot; is null
	at java.base/java.util.concurrent.TimeUnit.convert(TimeUnit.java:189)
	at org.openqa.selenium.remote.RemoteWebDriver$RemoteWebDriverOptions$RemoteTimeouts.implicitlyWait(RemoteWebDriver.java:781)
	at SauceDemoTestNGAnnotations.BaseTestClass.setBrowser(BaseTestClass.java:77)
	at java.base/java.util.concurrent.ThreadPoolExecutor.runWorker(ThreadPoolExecutor.java:1136)
	at java.base/java.util.concurrent.ThreadPoolExecutor$Worker.run(ThreadPoolExecutor.java:635)
	at java.base/java.lang.Thread.run(Thread.java:833)
... Removed 10 stack frames</pre></div><a href='#' onClick='toggleBox("stack-trace250592490", this, "Click to show all stack frames", "Click to hide stack frames")'>Click to show all stack frames</a>
<div class='stack-trace' id='stack-trace250592490'><pre>java.lang.NullPointerException: Cannot invoke &quot;java.util.concurrent.TimeUnit.toMillis(long)&quot; because &quot;sourceUnit&quot; is null
	at java.base/java.util.concurrent.TimeUnit.convert(TimeUnit.java:189)
	at org.openqa.selenium.remote.RemoteWebDriver$RemoteWebDriverOptions$RemoteTimeouts.implicitlyWait(RemoteWebDriver.java:781)
	at SauceDemoTestNGAnnotations.BaseTestClass.setBrowser(BaseTestClass.java:77)
	at java.base/jdk.internal.reflect.NativeMethodAccessorImpl.invoke0(Native Method)
	at java.base/jdk.internal.reflect.NativeMethodAccessorImpl.invoke(NativeMethodAccessorImpl.java:77)
	at java.base/jdk.internal.reflect.DelegatingMethodAccessorImpl.invoke(DelegatingMethodAccessorImpl.java:43)
	at java.base/java.lang.reflect.Method.invoke(Method.java:568)
	at org.testng.internal.MethodInvocationHelper.invokeMethod(MethodInvocationHelper.java:133)
	at org.testng.internal.MethodInvocationHelper.invokeMethodConsideringTimeout(MethodInvocationHelper.java:62)
	at org.testng.internal.ConfigInvoker.invokeConfigurationMethod(ConfigInvoker.java:385)
	at org.testng.internal.ConfigInvoker.invokeConfigurations(ConfigInvoker.java:321)
	at org.testng.internal.TestMethodWorker.invokeBeforeClassMethods(TestMethodWorker.java:176)
	at org.testng.internal.TestMethodWorker.run(TestMethodWorker.java:122)
	at java.base/java.util.concurrent.ThreadPoolExecutor.runWorker(ThreadPoolExecutor.java:1136)
	at java.base/java.util.concurrent.ThreadPoolExecutor$Worker.run(ThreadPoolExecutor.java:635)
	at java.base/java.lang.Thread.run(Thread.java:833)
</pre></div></td>
<td>4</td>
<td>SauceDemoTestNGAnnotations.TC04SelectProduct@6ca8564a</td></tr>
<tr>
<td title='SauceDemoTestNGAnnotations.TC02AddToCartValidation.setBrowser()'><b>setBrowser</b><br>Test class: SauceDemoTestNGAnnotations.TC02AddToCartValidation<br>Parameters: Chrome</td>
<td><div><pre>java.lang.NullPointerException: Cannot invoke &quot;java.util.concurrent.TimeUnit.toMillis(long)&quot; because &quot;sourceUnit&quot; is null
	at java.base/java.util.concurrent.TimeUnit.convert(TimeUnit.java:189)
	at org.openqa.selenium.remote.RemoteWebDriver$RemoteWebDriverOptions$RemoteTimeouts.implicitlyWait(RemoteWebDriver.java:781)
	at SauceDemoTestNGAnnotations.BaseTestClass.setBrowser(BaseTestClass.java:77)
	at java.base/java.util.concurrent.ThreadPoolExecutor.runWorker(ThreadPoolExecutor.java:1136)
	at java.base/java.util.concurrent.ThreadPoolExecutor$Worker.run(ThreadPoolExecutor.java:635)
	at java.base/java.lang.Thread.run(Thread.java:833)
... Removed 10 stack frames</pre></div><a href='#' onClick='toggleBox("stack-trace706048296", this, "Click to show all stack frames", "Click to hide stack frames")'>Click to show all stack frames</a>
<div class='stack-trace' id='stack-trace706048296'><pre>java.lang.NullPointerException: Cannot invoke &quot;java.util.concurrent.TimeUnit.toMillis(long)&quot; because &quot;sourceUnit&quot; is null
	at java.base/java.util.concurrent.TimeUnit.convert(TimeUnit.java:189)
	at org.openqa.selenium.remote.RemoteWebDriver$RemoteWebDriverOptions$RemoteTimeouts.implicitlyWait(RemoteWebDriver.java:781)
	at SauceDemoTestNGAnnotations.BaseTestClass.setBrowser(BaseTestClass.java:77)
	at java.base/jdk.internal.reflect.NativeMethodAccessorImpl.invoke0(Native Method)
	at java.base/jdk.internal.reflect.NativeMethodAccessorImpl.invoke(NativeMethodAccessorImpl.java:77)
	at java.base/jdk.internal.reflect.DelegatingMethodAccessorImpl.invoke(DelegatingMethodAccessorImpl.java:43)
	at java.base/java.lang.reflect.Method.invoke(Method.java:568)
	at org.testng.internal.MethodInvocationHelper.invokeMethod(MethodInvocationHelper.java:133)
	at org.testng.internal.MethodInvocationHelper.invokeMethodConsideringTimeout(MethodInvocationHelper.java:62)
	at org.testng.internal.ConfigInvoker.invokeConfigurationMethod(ConfigInvoker.java:385)
	at org.testng.internal.ConfigInvoker.invokeConfigurations(ConfigInvoker.java:321)
	at org.testng.internal.TestMethodWorker.invokeBeforeClassMethods(TestMethodWorker.java:176)
	at org.testng.internal.TestMethodWorker.run(TestMethodWorker.java:122)
	at java.base/java.util.concurrent.ThreadPoolExecutor.runWorker(ThreadPoolExecutor.java:1136)
	at java.base/java.util.concurrent.ThreadPoolExecutor$Worker.run(ThreadPoolExecutor.java:635)
	at java.base/java.lang.Thread.run(Thread.java:833)
</pre></div></td>
<td>4</td>
<td>SauceDemoTestNGAnnotations.TC02AddToCartValidation@50b472aa</td></tr>
<tr>
<td title='SauceDemoTestNGAnnotations.TC1LoginFunctionality.setBrowser()'><b>setBrowser</b><br>Test class: SauceDemoTestNGAnnotations.TC1LoginFunctionality<br>Parameters: Chrome</td>
<td><div><pre>java.lang.NullPointerException: Cannot invoke &quot;java.util.concurrent.TimeUnit.toMillis(long)&quot; because &quot;sourceUnit&quot; is null
	at java.base/java.util.concurrent.TimeUnit.convert(TimeUnit.java:189)
	at org.openqa.selenium.remote.RemoteWebDriver$RemoteWebDriverOptions$RemoteTimeouts.implicitlyWait(RemoteWebDriver.java:781)
	at SauceDemoTestNGAnnotations.BaseTestClass.setBrowser(BaseTestClass.java:77)
	at java.base/java.util.concurrent.ThreadPoolExecutor.runWorker(ThreadPoolExecutor.java:1136)
	at java.base/java.util.concurrent.ThreadPoolExecutor$Worker.run(ThreadPoolExecutor.java:635)
	at java.base/java.lang.Thread.run(Thread.java:833)
... Removed 10 stack frames</pre></div><a href='#' onClick='toggleBox("stack-trace659901594", this, "Click to show all stack frames", "Click to hide stack frames")'>Click to show all stack frames</a>
<div class='stack-trace' id='stack-trace659901594'><pre>java.lang.NullPointerException: Cannot invoke &quot;java.util.concurrent.TimeUnit.toMillis(long)&quot; because &quot;sourceUnit&quot; is null
	at java.base/java.util.concurrent.TimeUnit.convert(TimeUnit.java:189)
	at org.openqa.selenium.remote.RemoteWebDriver$RemoteWebDriverOptions$RemoteTimeouts.implicitlyWait(RemoteWebDriver.java:781)
	at SauceDemoTestNGAnnotations.BaseTestClass.setBrowser(BaseTestClass.java:77)
	at java.base/jdk.internal.reflect.NativeMethodAccessorImpl.invoke0(Native Method)
	at java.base/jdk.internal.reflect.NativeMethodAccessorImpl.invoke(NativeMethodAccessorImpl.java:77)
	at java.base/jdk.internal.reflect.DelegatingMethodAccessorImpl.invoke(DelegatingMethodAccessorImpl.java:43)
	at java.base/java.lang.reflect.Method.invoke(Method.java:568)
	at org.testng.internal.MethodInvocationHelper.invokeMethod(MethodInvocationHelper.java:133)
	at org.testng.internal.MethodInvocationHelper.invokeMethodConsideringTimeout(MethodInvocationHelper.java:62)
	at org.testng.internal.ConfigInvoker.invokeConfigurationMethod(ConfigInvoker.java:385)
	at org.testng.internal.ConfigInvoker.invokeConfigurations(ConfigInvoker.java:321)
	at org.testng.internal.TestMethodWorker.invokeBeforeClassMethods(TestMethodWorker.java:176)
	at org.testng.internal.TestMethodWorker.run(TestMethodWorker.java:122)
	at java.base/java.util.concurrent.ThreadPoolExecutor.runWorker(ThreadPoolExecutor.java:1136)
	at java.base/java.util.concurrent.ThreadPoolExecutor$Worker.run(ThreadPoolExecutor.java:635)
	at java.base/java.lang.Thread.run(Thread.java:833)
</pre></div></td>
<td>4</td>
<td>SauceDemoTestNGAnnotations.TC1LoginFunctionality@31368b99</td></tr>
</table><p>
<table width='100%' border='1' class='invocation-skipped'>
<tr><td colspan='4' align='center'><b>SKIPPED CONFIGURATIONS</b></td></tr>
<tr><td><b>Test method</b></td>
<td width="30%"><b>Exception</b></td>
<td width="10%"><b>Time (seconds)</b></td>
<td><b>Instance</b></td>
</tr>
<tr>
<td title='SauceDemoTestNGAnnotations.TC02AddToCartValidation.logout()'><b>logout</b><br>Test class: SauceDemoTestNGAnnotations.TC02AddToCartValidation</td>
<td></td>
<td>-1653789403</td>
<td>SauceDemoTestNGAnnotations.TC02AddToCartValidation@50b472aa</td></tr>
<tr>
<td title='SauceDemoTestNGAnnotations.TC04SelectProduct.logineMethod()'><b>logineMethod</b><br>Test class: SauceDemoTestNGAnnotations.TC04SelectProduct</td>
<td></td>
<td>-1653789403</td>
<td>SauceDemoTestNGAnnotations.TC04SelectProduct@6ca8564a</td></tr>
<tr>
<td title='SauceDemoTestNGAnnotations.TC03FilterValidation.logineMethod()'><b>logineMethod</b><br>Test class: SauceDemoTestNGAnnotations.TC03FilterValidation</td>
<td></td>
<td>-1653789404</td>
<td>SauceDemoTestNGAnnotations.TC03FilterValidation@5c30a9b0</td></tr>
<tr>
<td title='SauceDemoTestNGAnnotations.TC02AddToCartValidation.logineMethod()'><b>logineMethod</b><br>Test class: SauceDemoTestNGAnnotations.TC02AddToCartValidation</td>
<td></td>
<td>-1653789403</td>
<td>SauceDemoTestNGAnnotations.TC02AddToCartValidation@50b472aa</td></tr>
<tr>
<td title='SauceDemoTestNGAnnotations.TC1LoginFunctionality.logineMethod()'><b>logineMethod</b><br>Test class: SauceDemoTestNGAnnotations.TC1LoginFunctionality</td>
<td></td>
<td>-1653789403</td>
<td>SauceDemoTestNGAnnotations.TC1LoginFunctionality@31368b99</td></tr>
<tr>
<td title='SauceDemoTestNGAnnotations.TC1LoginFunctionality.closeBrowser()'><b>closeBrowser</b><br>Test class: SauceDemoTestNGAnnotations.TC1LoginFunctionality</td>
<td></td>
<td>-1653789403</td>
<td>SauceDemoTestNGAnnotations.TC1LoginFunctionality@31368b99</td></tr>
<tr>
<td title='SauceDemoTestNGAnnotations.TC04SelectProduct.logout()'><b>logout</b><br>Test class: SauceDemoTestNGAnnotations.TC04SelectProduct</td>
<td></td>
<td>-1653789403</td>
<td>SauceDemoTestNGAnnotations.TC04SelectProduct@6ca8564a</td></tr>
<tr>
<td title='SauceDemoTestNGAnnotations.TC03FilterValidation.closeBrowser()'><b>closeBrowser</b><br>Test class: SauceDemoTestNGAnnotations.TC03FilterValidation</td>
<td></td>
<td>-1653789404</td>
<td>SauceDemoTestNGAnnotations.TC03FilterValidation@5c30a9b0</td></tr>
<tr>
<td title='SauceDemoTestNGAnnotations.TC04SelectProduct.closeBrowser()'><b>closeBrowser</b><br>Test class: SauceDemoTestNGAnnotations.TC04SelectProduct</td>
<td></td>
<td>-1653789403</td>
<td>SauceDemoTestNGAnnotations.TC04SelectProduct@6ca8564a</td></tr>
<tr>
<td title='SauceDemoTestNGAnnotations.TC03FilterValidation.logout()'><b>logout</b><br>Test class: SauceDemoTestNGAnnotations.TC03FilterValidation</td>
<td></td>
<td>-1653789404</td>
<td>SauceDemoTestNGAnnotations.TC03FilterValidation@5c30a9b0</td></tr>
<tr>
<td title='SauceDemoTestNGAnnotations.TC02AddToCartValidation.closeBrowser()'><b>closeBrowser</b><br>Test class: SauceDemoTestNGAnnotations.TC02AddToCartValidation</td>
<td></td>
<td>-1653789403</td>
<td>SauceDemoTestNGAnnotations.TC02AddToCartValidation@50b472aa</td></tr>
<tr>
<td title='SauceDemoTestNGAnnotations.TC1LoginFunctionality.logout()'><b>logout</b><br>Test class: SauceDemoTestNGAnnotations.TC1LoginFunctionality</td>
<td></td>
<td>-1653789403</td>
<td>SauceDemoTestNGAnnotations.TC1LoginFunctionality@31368b99</td></tr>
</table><p>
<table width='100%' border='1' class='invocation-skipped'>
<tr><td colspan='4' align='center'><b>SKIPPED TESTS</b></td></tr>
<tr><td><b>Test method</b></td>
<td width="30%"><b>Exception</b></td>
<td width="10%"><b>Time (seconds)</b></td>
<td><b>Instance</b></td>
</tr>
<tr>
<td title='SauceDemoTestNGAnnotations.TC1LoginFunctionality.loginFunction()'><b>loginFunction</b><br>Test class: SauceDemoTestNGAnnotations.TC1LoginFunctionality</td>
<td><div><pre>java.lang.NullPointerException: Cannot invoke &quot;java.util.concurrent.TimeUnit.toMillis(long)&quot; because &quot;sourceUnit&quot; is null
	at java.base/java.util.concurrent.TimeUnit.convert(TimeUnit.java:189)
	at org.openqa.selenium.remote.RemoteWebDriver$RemoteWebDriverOptions$RemoteTimeouts.implicitlyWait(RemoteWebDriver.java:781)
	at SauceDemoTestNGAnnotations.BaseTestClass.setBrowser(BaseTestClass.java:77)
	at java.base/java.util.concurrent.ThreadPoolExecutor.runWorker(ThreadPoolExecutor.java:1136)
	at java.base/java.util.concurrent.ThreadPoolExecutor$Worker.run(ThreadPoolExecutor.java:635)
	at java.base/java.lang.Thread.run(Thread.java:833)
... Removed 10 stack frames</pre></div><a href='#' onClick='toggleBox("stack-trace180785798", this, "Click to show all stack frames", "Click to hide stack frames")'>Click to show all stack frames</a>
<div class='stack-trace' id='stack-trace180785798'><pre>java.lang.NullPointerException: Cannot invoke &quot;java.util.concurrent.TimeUnit.toMillis(long)&quot; because &quot;sourceUnit&quot; is null
	at java.base/java.util.concurrent.TimeUnit.convert(TimeUnit.java:189)
	at org.openqa.selenium.remote.RemoteWebDriver$RemoteWebDriverOptions$RemoteTimeouts.implicitlyWait(RemoteWebDriver.java:781)
	at SauceDemoTestNGAnnotations.BaseTestClass.setBrowser(BaseTestClass.java:77)
	at java.base/jdk.internal.reflect.NativeMethodAccessorImpl.invoke0(Native Method)
	at java.base/jdk.internal.reflect.NativeMethodAccessorImpl.invoke(NativeMethodAccessorImpl.java:77)
	at java.base/jdk.internal.reflect.DelegatingMethodAccessorImpl.invoke(DelegatingMethodAccessorImpl.java:43)
	at java.base/java.lang.reflect.Method.invoke(Method.java:568)
	at org.testng.internal.MethodInvocationHelper.invokeMethod(MethodInvocationHelper.java:133)
	at org.testng.internal.MethodInvocationHelper.invokeMethodConsideringTimeout(MethodInvocationHelper.java:62)
	at org.testng.internal.ConfigInvoker.invokeConfigurationMethod(ConfigInvoker.java:385)
	at org.testng.internal.ConfigInvoker.invokeConfigurations(ConfigInvoker.java:321)
	at org.testng.internal.TestMethodWorker.invokeBeforeClassMethods(TestMethodWorker.java:176)
	at org.testng.internal.TestMethodWorker.run(TestMethodWorker.java:122)
	at java.base/java.util.concurrent.ThreadPoolExecutor.runWorker(ThreadPoolExecutor.java:1136)
	at java.base/java.util.concurrent.ThreadPoolExecutor$Worker.run(ThreadPoolExecutor.java:635)
	at java.base/java.lang.Thread.run(Thread.java:833)
</pre></div></td>
<td>0</td>
<td>SauceDemoTestNGAnnotations.TC1LoginFunctionality@31368b99</td></tr>
<tr>
<td title='SauceDemoTestNGAnnotations.TC03FilterValidation.filter()'><b>filter</b><br>Test class: SauceDemoTestNGAnnotations.TC03FilterValidation</td>
<td><div><pre>java.lang.NullPointerException: Cannot invoke &quot;java.util.concurrent.TimeUnit.toMillis(long)&quot; because &quot;sourceUnit&quot; is null
	at java.base/java.util.concurrent.TimeUnit.convert(TimeUnit.java:189)
	at org.openqa.selenium.remote.RemoteWebDriver$RemoteWebDriverOptions$RemoteTimeouts.implicitlyWait(RemoteWebDriver.java:781)
	at SauceDemoTestNGAnnotations.BaseTestClass.setBrowser(BaseTestClass.java:77)
	at java.base/java.util.concurrent.ThreadPoolExecutor.runWorker(ThreadPoolExecutor.java:1136)
	at java.base/java.util.concurrent.ThreadPoolExecutor$Worker.run(ThreadPoolExecutor.java:635)
	at java.base/java.lang.Thread.run(Thread.java:833)
... Removed 10 stack frames</pre></div><a href='#' onClick='toggleBox("stack-trace153810747", this, "Click to show all stack frames", "Click to hide stack frames")'>Click to show all stack frames</a>
<div class='stack-trace' id='stack-trace153810747'><pre>java.lang.NullPointerException: Cannot invoke &quot;java.util.concurrent.TimeUnit.toMillis(long)&quot; because &quot;sourceUnit&quot; is null
	at java.base/java.util.concurrent.TimeUnit.convert(TimeUnit.java:189)
	at org.openqa.selenium.remote.RemoteWebDriver$RemoteWebDriverOptions$RemoteTimeouts.implicitlyWait(RemoteWebDriver.java:781)
	at SauceDemoTestNGAnnotations.BaseTestClass.setBrowser(BaseTestClass.java:77)
	at java.base/jdk.internal.reflect.NativeMethodAccessorImpl.invoke0(Native Method)
	at java.base/jdk.internal.reflect.NativeMethodAccessorImpl.invoke(NativeMethodAccessorImpl.java:77)
	at java.base/jdk.internal.reflect.DelegatingMethodAccessorImpl.invoke(DelegatingMethodAccessorImpl.java:43)
	at java.base/java.lang.reflect.Method.invoke(Method.java:568)
	at org.testng.internal.MethodInvocationHelper.invokeMethod(MethodInvocationHelper.java:133)
	at org.testng.internal.MethodInvocationHelper.invokeMethodConsideringTimeout(MethodInvocationHelper.java:62)
	at org.testng.internal.ConfigInvoker.invokeConfigurationMethod(ConfigInvoker.java:385)
	at org.testng.internal.ConfigInvoker.invokeConfigurations(ConfigInvoker.java:321)
	at org.testng.internal.TestMethodWorker.invokeBeforeClassMethods(TestMethodWorker.java:176)
	at org.testng.internal.TestMethodWorker.run(TestMethodWorker.java:122)
	at java.base/java.util.concurrent.ThreadPoolExecutor.runWorker(ThreadPoolExecutor.java:1136)
	at java.base/java.util.concurrent.ThreadPoolExecutor$Worker.run(ThreadPoolExecutor.java:635)
	at java.base/java.lang.Thread.run(Thread.java:833)
</pre></div></td>
<td>0</td>
<td>SauceDemoTestNGAnnotations.TC03FilterValidation@5c30a9b0</td></tr>
<tr>
<td title='SauceDemoTestNGAnnotations.TC04SelectProduct.selectProduct()'><b>selectProduct</b><br>Test class: SauceDemoTestNGAnnotations.TC04SelectProduct</td>
<td><div><pre>java.lang.NullPointerException: Cannot invoke &quot;java.util.concurrent.TimeUnit.toMillis(long)&quot; because &quot;sourceUnit&quot; is null
	at java.base/java.util.concurrent.TimeUnit.convert(TimeUnit.java:189)
	at org.openqa.selenium.remote.RemoteWebDriver$RemoteWebDriverOptions$RemoteTimeouts.implicitlyWait(RemoteWebDriver.java:781)
	at SauceDemoTestNGAnnotations.BaseTestClass.setBrowser(BaseTestClass.java:77)
	at java.base/java.util.concurrent.ThreadPoolExecutor.runWorker(ThreadPoolExecutor.java:1136)
	at java.base/java.util.concurrent.ThreadPoolExecutor$Worker.run(ThreadPoolExecutor.java:635)
	at java.base/java.lang.Thread.run(Thread.java:833)
... Removed 10 stack frames</pre></div><a href='#' onClick='toggleBox("stack-trace1742473144", this, "Click to show all stack frames", "Click to hide stack frames")'>Click to show all stack frames</a>
<div class='stack-trace' id='stack-trace1742473144'><pre>java.lang.NullPointerException: Cannot invoke &quot;java.util.concurrent.TimeUnit.toMillis(long)&quot; because &quot;sourceUnit&quot; is null
	at java.base/java.util.concurrent.TimeUnit.convert(TimeUnit.java:189)
	at org.openqa.selenium.remote.RemoteWebDriver$RemoteWebDriverOptions$RemoteTimeouts.implicitlyWait(RemoteWebDriver.java:781)
	at SauceDemoTestNGAnnotations.BaseTestClass.setBrowser(BaseTestClass.java:77)
	at java.base/jdk.internal.reflect.NativeMethodAccessorImpl.invoke0(Native Method)
	at java.base/jdk.internal.reflect.NativeMethodAccessorImpl.invoke(NativeMethodAccessorImpl.java:77)
	at java.base/jdk.internal.reflect.DelegatingMethodAccessorImpl.invoke(DelegatingMethodAccessorImpl.java:43)
	at java.base/java.lang.reflect.Method.invoke(Method.java:568)
	at org.testng.internal.MethodInvocationHelper.invokeMethod(MethodInvocationHelper.java:133)
	at org.testng.internal.MethodInvocationHelper.invokeMethodConsideringTimeout(MethodInvocationHelper.java:62)
	at org.testng.internal.ConfigInvoker.invokeConfigurationMethod(ConfigInvoker.java:385)
	at org.testng.internal.ConfigInvoker.invokeConfigurations(ConfigInvoker.java:321)
	at org.testng.internal.TestMethodWorker.invokeBeforeClassMethods(TestMethodWorker.java:176)
	at org.testng.internal.TestMethodWorker.run(TestMethodWorker.java:122)
	at java.base/java.util.concurrent.ThreadPoolExecutor.runWorker(ThreadPoolExecutor.java:1136)
	at java.base/java.util.concurrent.ThreadPoolExecutor$Worker.run(ThreadPoolExecutor.java:635)
	at java.base/java.lang.Thread.run(Thread.java:833)
</pre></div></td>
<td>0</td>
<td>SauceDemoTestNGAnnotations.TC04SelectProduct@6ca8564a</td></tr>
<tr>
<td title='SauceDemoTestNGAnnotations.TC02AddToCartValidation.addToCart()'><b>addToCart</b><br>Test class: SauceDemoTestNGAnnotations.TC02AddToCartValidation</td>
<td><div><pre>java.lang.NullPointerException: Cannot invoke &quot;java.util.concurrent.TimeUnit.toMillis(long)&quot; because &quot;sourceUnit&quot; is null
	at java.base/java.util.concurrent.TimeUnit.convert(TimeUnit.java:189)
	at org.openqa.selenium.remote.RemoteWebDriver$RemoteWebDriverOptions$RemoteTimeouts.implicitlyWait(RemoteWebDriver.java:781)
	at SauceDemoTestNGAnnotations.BaseTestClass.setBrowser(BaseTestClass.java:77)
	at java.base/java.util.concurrent.ThreadPoolExecutor.runWorker(ThreadPoolExecutor.java:1136)
	at java.base/java.util.concurrent.ThreadPoolExecutor$Worker.run(ThreadPoolExecutor.java:635)
	at java.base/java.lang.Thread.run(Thread.java:833)
... Removed 10 stack frames</pre></div><a href='#' onClick='toggleBox("stack-trace148809928", this, "Click to show all stack frames", "Click to hide stack frames")'>Click to show all stack frames</a>
<div class='stack-trace' id='stack-trace148809928'><pre>java.lang.NullPointerException: Cannot invoke &quot;java.util.concurrent.TimeUnit.toMillis(long)&quot; because &quot;sourceUnit&quot; is null
	at java.base/java.util.concurrent.TimeUnit.convert(TimeUnit.java:189)
	at org.openqa.selenium.remote.RemoteWebDriver$RemoteWebDriverOptions$RemoteTimeouts.implicitlyWait(RemoteWebDriver.java:781)
	at SauceDemoTestNGAnnotations.BaseTestClass.setBrowser(BaseTestClass.java:77)
	at java.base/jdk.internal.reflect.NativeMethodAccessorImpl.invoke0(Native Method)
	at java.base/jdk.internal.reflect.NativeMethodAccessorImpl.invoke(NativeMethodAccessorImpl.java:77)
	at java.base/jdk.internal.reflect.DelegatingMethodAccessorImpl.invoke(DelegatingMethodAccessorImpl.java:43)
	at java.base/java.lang.reflect.Method.invoke(Method.java:568)
	at org.testng.internal.MethodInvocationHelper.invokeMethod(MethodInvocationHelper.java:133)
	at org.testng.internal.MethodInvocationHelper.invokeMethodConsideringTimeout(MethodInvocationHelper.java:62)
	at org.testng.internal.ConfigInvoker.invokeConfigurationMethod(ConfigInvoker.java:385)
	at org.testng.internal.ConfigInvoker.invokeConfigurations(ConfigInvoker.java:321)
	at org.testng.internal.TestMethodWorker.invokeBeforeClassMethods(TestMethodWorker.java:176)
	at org.testng.internal.TestMethodWorker.run(TestMethodWorker.java:122)
	at java.base/java.util.concurrent.ThreadPoolExecutor.runWorker(ThreadPoolExecutor.java:1136)
	at java.base/java.util.concurrent.ThreadPoolExecutor$Worker.run(ThreadPoolExecutor.java:635)
	at java.base/java.lang.Thread.run(Thread.java:833)
</pre></div></td>
<td>0</td>
<td>SauceDemoTestNGAnnotations.TC02AddToCartValidation@50b472aa</td></tr>
</table><p>
</body>
</html>