<?xml version="1.0" encoding="UTF-8"?>
<!-- Generated by org.testng.reporters.JUnitXMLReporter -->
<testsuite ignored="0" hostname="DESKTOP-5DS53NE" failures="0" tests="4" name="SanitySuite" time="4.798" errors="0" timestamp="2022-05-29T07:26:44 IST">
  <testcase classname="SauceDemoTestNGAnnotations.BaseTestClass" name="@BeforeClass setBrowser" time="4.383">
    <failure type="java.lang.NullPointerException" message="Cannot invoke &amp;quot;java.util.concurrent.TimeUnit.toMillis(long)&amp;quot; because &amp;quot;sourceUnit&amp;quot; is null">
      <![CDATA[java.lang.NullPointerException: Cannot invoke "java.util.concurrent.TimeUnit.toMillis(long)" because "sourceUnit" is null
at java.base/java.util.concurrent.TimeUnit.convert(TimeUnit.java:189)
at org.openqa.selenium.remote.RemoteWebDriver$RemoteWebDriverOptions$RemoteTimeouts.implicitlyWait(RemoteWebDriver.java:781)
at SauceDemoTestNGAnnotations.BaseTestClass.setBrowser(BaseTestClass.java:77)
at java.base/java.util.concurrent.ThreadPoolExecutor.runWorker(ThreadPoolExecutor.java:1136)
at java.base/java.util.concurrent.ThreadPoolExecutor$Worker.run(ThreadPoolExecutor.java:635)
at java.base/java.lang.Thread.run(Thread.java:833)
... Removed 10 stack frames]]>
    </failure>
  </testcase> <!-- @BeforeClass setBrowser -->
  <testcase classname="SauceDemoTestNGAnnotations.BaseTestClass" name="@BeforeMethod logineMethod" time="-1.653789403697E9">
    <skipped/>
  </testcase> <!-- @BeforeMethod logineMethod -->
  <testcase classname="SauceDemoTestNGAnnotations.BaseTestClass" name="@BeforeClass setBrowser" time="4.405">
    <failure type="java.lang.NullPointerException" message="Cannot invoke &amp;quot;java.util.concurrent.TimeUnit.toMillis(long)&amp;quot; because &amp;quot;sourceUnit&amp;quot; is null">
      <![CDATA[java.lang.NullPointerException: Cannot invoke "java.util.concurrent.TimeUnit.toMillis(long)" because "sourceUnit" is null
at java.base/java.util.concurrent.TimeUnit.convert(TimeUnit.java:189)
at org.openqa.selenium.remote.RemoteWebDriver$RemoteWebDriverOptions$RemoteTimeouts.implicitlyWait(RemoteWebDriver.java:781)
at SauceDemoTestNGAnnotations.BaseTestClass.setBrowser(BaseTestClass.java:77)
at java.base/java.util.concurrent.ThreadPoolExecutor.runWorker(ThreadPoolExecutor.java:1136)
at java.base/java.util.concurrent.ThreadPoolExecutor$Worker.run(ThreadPoolExecutor.java:635)
at java.base/java.lang.Thread.run(Thread.java:833)
... Removed 10 stack frames]]>
    </failure>
  </testcase> <!-- @BeforeClass setBrowser -->
  <testcase classname="SauceDemoTestNGAnnotations.BaseTestClass" name="@BeforeMethod logineMethod" time="-1.653789403703E9">
    <skipped/>
  </testcase> <!-- @BeforeMethod logineMethod -->
  <testcase classname="SauceDemoTestNGAnnotations.BaseTestClass" name="@AfterMethod logout" time="-1.653789403704E9">
    <skipped/>
  </testcase> <!-- @AfterMethod logout -->
  <testcase classname="SauceDemoTestNGAnnotations.BaseTestClass" name="@AfterClass closeBrowser" time="-1.653789403707E9">
    <skipped/>
  </testcase> <!-- @AfterClass closeBrowser -->
  <testcase classname="SauceDemoTestNGAnnotations.BaseTestClass" name="@AfterMethod logout" time="-1.653789403708E9">
    <skipped/>
  </testcase> <!-- @AfterMethod logout -->
  <testcase classname="SauceDemoTestNGAnnotations.BaseTestClass" name="@AfterClass closeBrowser" time="-1.65378940371E9">
    <skipped/>
  </testcase> <!-- @AfterClass closeBrowser -->
  <testcase classname="SauceDemoTestNGAnnotations.BaseTestClass" name="@BeforeClass setBrowser" time="4.467">
    <failure type="java.lang.NullPointerException" message="Cannot invoke &amp;quot;java.util.concurrent.TimeUnit.toMillis(long)&amp;quot; because &amp;quot;sourceUnit&amp;quot; is null">
      <![CDATA[java.lang.NullPointerException: Cannot invoke "java.util.concurrent.TimeUnit.toMillis(long)" because "sourceUnit" is null
at java.base/java.util.concurrent.TimeUnit.convert(TimeUnit.java:189)
at org.openqa.selenium.remote.RemoteWebDriver$RemoteWebDriverOptions$RemoteTimeouts.implicitlyWait(RemoteWebDriver.java:781)
at SauceDemoTestNGAnnotations.BaseTestClass.setBrowser(BaseTestClass.java:77)
at java.base/java.util.concurrent.ThreadPoolExecutor.runWorker(ThreadPoolExecutor.java:1136)
at java.base/java.util.concurrent.ThreadPoolExecutor$Worker.run(ThreadPoolExecutor.java:635)
at java.base/java.lang.Thread.run(Thread.java:833)
... Removed 10 stack frames]]>
    </failure>
  </testcase> <!-- @BeforeClass setBrowser -->
  <testcase classname="SauceDemoTestNGAnnotations.BaseTestClass" name="@BeforeMethod logineMethod" time="-1.653789403765E9">
    <skipped/>
  </testcase> <!-- @BeforeMethod logineMethod -->
  <testcase classname="SauceDemoTestNGAnnotations.BaseTestClass" name="@AfterMethod logout" time="-1.653789403768E9">
    <skipped/>
  </testcase> <!-- @AfterMethod logout -->
  <testcase classname="SauceDemoTestNGAnnotations.BaseTestClass" name="@AfterClass closeBrowser" time="-1.653789403769E9">
    <skipped/>
  </testcase> <!-- @AfterClass closeBrowser -->
  <testcase classname="SauceDemoTestNGAnnotations.BaseTestClass" name="@BeforeClass setBrowser" time="4.776">
    <failure type="java.lang.NullPointerException" message="Cannot invoke &amp;quot;java.util.concurrent.TimeUnit.toMillis(long)&amp;quot; because &amp;quot;sourceUnit&amp;quot; is null">
      <![CDATA[java.lang.NullPointerException: Cannot invoke "java.util.concurrent.TimeUnit.toMillis(long)" because "sourceUnit" is null
at java.base/java.util.concurrent.TimeUnit.convert(TimeUnit.java:189)
at org.openqa.selenium.remote.RemoteWebDriver$RemoteWebDriverOptions$RemoteTimeouts.implicitlyWait(RemoteWebDriver.java:781)
at SauceDemoTestNGAnnotations.BaseTestClass.setBrowser(BaseTestClass.java:77)
at java.base/java.util.concurrent.ThreadPoolExecutor.runWorker(ThreadPoolExecutor.java:1136)
at java.base/java.util.concurrent.ThreadPoolExecutor$Worker.run(ThreadPoolExecutor.java:635)
at java.base/java.lang.Thread.run(Thread.java:833)
... Removed 10 stack frames]]>
    </failure>
  </testcase> <!-- @BeforeClass setBrowser -->
  <testcase classname="SauceDemoTestNGAnnotations.BaseTestClass" name="@BeforeMethod logineMethod" time="-1.653789404074E9">
    <skipped/>
  </testcase> <!-- @BeforeMethod logineMethod -->
  <testcase classname="SauceDemoTestNGAnnotations.BaseTestClass" name="@AfterMethod logout" time="-1.653789404077E9">
    <skipped/>
  </testcase> <!-- @AfterMethod logout -->
  <testcase classname="SauceDemoTestNGAnnotations.BaseTestClass" name="@AfterClass closeBrowser" time="-1.653789404079E9">
    <skipped/>
  </testcase> <!-- @AfterClass closeBrowser -->
  <testcase classname="SauceDemoTestNGAnnotations.TC02AddToCartValidation" name="addToCart" time="0.0">
    <skipped/>
  </testcase> <!-- addToCart -->
  <testcase classname="SauceDemoTestNGAnnotations.TC1LoginFunctionality" name="loginFunction" time="0.0">
    <skipped/>
  </testcase> <!-- loginFunction -->
  <testcase classname="SauceDemoTestNGAnnotations.TC04SelectProduct" name="selectProduct" time="0.0">
    <skipped/>
  </testcase> <!-- selectProduct -->
  <testcase classname="SauceDemoTestNGAnnotations.TC03FilterValidation" name="filter" time="0.0">
    <skipped/>
  </testcase> <!-- filter -->
</testsuite> <!-- SanitySuite -->
